<?xml version="1.0" encoding="UTF-8"?>
<!-- Generated by org.testng.reporters.JUnitXMLReporter -->
<testsuite ignored="2" hostname="Patel-G" failures="1" tests="4" name="Test" time="3.553" errors="0" timestamp="2024-07-18T13:01:04 IST">
  <testcase classname="BaseApiUsage_17_3.Employee_17_3" name="addEmploye" time="2.361"/>
  <testcase classname="BaseApiUsage_17_3.Employee_17_3" name="addEmployeWithOutEmail" time="0.319"/>
  <testcase classname="BaseApiUsage_17_3.Project_17_3" name="addSingleProjectWithCreated" time="0.795">
    <failure type="java.lang.NullPointerException" message="Cannot invoke &amp;quot;java.sql.ResultSet.next()&amp;quot; because &amp;quot;result&amp;quot; is null">
      <![CDATA[java.lang.NullPointerException: Cannot invoke "java.sql.ResultSet.next()" because "result" is null
at BaseApiUsage_17_3.Project_17_3.addSingleProjectWithCreated(Project_17_3.java:51)
at java.base/java.util.ArrayList.forEach(ArrayList.java:1596)
... Removed 25 stack frames]]>
    </failure>
  </testcase> <!-- addSingleProjectWithCreated -->
  <testcase classname="BaseApiUsage_17_3.Project_17_3" name="addDuplicateProject" time="0.0">
    <skipped/>
  </testcase> <!-- addDuplicateProject -->
  <testcase classname="Base.Api.BaseClass" name="@AfterSuite configASuite" time="0.0">
    <ignored/>
  </testcase> <!-- @AfterSuite configASuite -->
  <testcase classname="Base.Api.BaseClass" name="@BeforeSuite configBSuite" time="0.0">
    <ignored/>
  </testcase> <!-- @BeforeSuite configBSuite -->
</testsuite> <!-- Test -->
